app/build/outputs/logs/manifest-merger-release-report.txt
-- Merging decision tree log ---
manifest
ADDED from src\main\AndroidManifest.xml:2:1-712:12
INJECTED from src\main\AndroidManifest.xml:2:1-712:12
INJECTED from src\main\AndroidManifest.xml:2:1-712:12
INJECTED from src\main\AndroidManifest.xml:2:1-712:12
MERGED from [com.android.support:support-v4:28.0.0] AndroidManifest.xml:17:1-22:12
MERGED from [com.android.support:support-media-compat:28.0.0] AndroidManifest.xml:17:1-22:12
MERGED from [com.android.support:support-fragment:28.0.0] AndroidManifest.xml:17:1-22:12
MERGED from [com.android.support:support-core-ui:28.0.0] AndroidManifest.xml:17:1-22:12
MERGED from [com.android.support:support-core-utils:28.0.0] AndroidManifest.xml:17:1-22:12
MERGED from [com.android.support:loader:28.0.0] AndroidManifest.xml:17:1-22:12
MERGED from [com.android.support:viewpager:28.0.0] AndroidManifest.xml:17:1-22:12
MERGED from [com.android.support:coordinatorlayout:28.0.0] AndroidManifest.xml:17:1-22:12
MERGED from [com.android.support:drawerlayout:28.0.0] AndroidManifest.xml:17:1-22:12
MERGED from [com.android.support:slidingpanelayout:28.0.0] AndroidManifest.xml:17:1-22:12
MERGED from [com.android.support:customview:28.0.0] AndroidManifest.xml:17:1-22:12
MERGED from [com.android.support:swiperefreshlayout:28.0.0] AndroidManifest.xml:17:1-22:12
MERGED from [com.android.support:asynclayoutinflater:28.0.0] AndroidManifest.xml:17:1-22:12
MERGED from [com.android.support:support-compat:28.0.0] AndroidManifest.xml:17:1-24:12
MERGED from [com.android.support:versionedparcelable:28.0.0] AndroidManifest.xml:17:1-25:12
MERGED from [android.arch.lifecycle:runtime:1.1.1] AndroidManifest.xml:17:1-22:12
MERGED from [com.android.support:documentfile:28.0.0] AndroidManifest.xml:17:1-22:12
MERGED from [com.android.support:localbroadcastmanager:28.0.0] AndroidManifest.xml:17:1-22:12
MERGED from [com.android.support:print:28.0.0] AndroidManifest.xml:17:1-22:12
MERGED from [com.android.support:interpolator:28.0.0] AndroidManifest.xml:17:1-22:12
MERGED from [com.android.support:cursoradapter:28.0.0] AndroidManifest.xml:17:1-22:12
MERGED from [android.arch.lifecycle:viewmodel:1.1.1] AndroidManifest.xml:17:1-22:12
MERGED from [android.arch.lifecycle:livedata:1.1.1] AndroidManifest.xml:17:1-22:12
MERGED from [android.arch.lifecycle:livedata-core:1.1.1] AndroidManifest.xml:17:1-22:12
MERGED from [android.arch.core:runtime:1.1.1] AndroidManifest.xml:17:1-22:12
INJECTED from src\main\AndroidManifest.xml:2:1-712:12
INJECTED from src\main\AndroidManifest.xml:2:1-712:12
INJECTED from src\main\AndroidManifest.xml:2:1-712:12
	package
		ADDED from src\main\AndroidManifest.xml:3:5-21
		INJECTED from src\main\AndroidManifest.xml
		INJECTED from src\main\AndroidManifest.xml
	android:versionName
		ADDED from src\main\AndroidManifest.xml:6:5-31
		INJECTED from src\main\AndroidManifest.xml
		INJECTED from src\main\AndroidManifest.xml
	xmlns:android
		ADDED from src\main\AndroidManifest.xml:2:11-69
	android:versionCode
		ADDED from src\main\AndroidManifest.xml:5:5-28
		INJECTED from src\main\AndroidManifest.xml
		INJECTED from src\main\AndroidManifest.xml
	android:installLocation
		ADDED from src\main\AndroidManifest.xml:4:5-43
uses-permission#android.permission.SYSTEM_ALERT_WINDOW
ADDED from src\main\AndroidManifest.xml:8:5-78
	android:name
		ADDED from src\main\AndroidManifest.xml:8:22-75
uses-permission#android.permission.READ_EXTERNAL_STORAGE
ADDED from src\main\AndroidManifest.xml:10:5-80
	android:name
		ADDED from src\main\AndroidManifest.xml:10:22-77
uses-permission#android.permission.WRITE_EXTERNAL_STORAGE
ADDED from src\main\AndroidManifest.xml:11:5-81
	android:name
		ADDED from src\main\AndroidManifest.xml:11:22-78
uses-permission#android.permission.GET_TASKS
ADDED from src\main\AndroidManifest.xml:12:5-68
	android:name
		ADDED from src\main\AndroidManifest.xml:12:22-65
uses-permission#android.permission.RESTART_PACKAGES
ADDED from src\main\AndroidManifest.xml:13:5-75
	android:name
		ADDED from src\main\AndroidManifest.xml:13:22-72
uses-permission#android.permission.READ_CONTACTS
ADDED from src\main\AndroidManifest.xml:14:5-72
	android:name
		ADDED from src\main\AndroidManifest.xml:14:22-69
uses-permission#android.permission.VIBRATE
ADDED from src\main\AndroidManifest.xml:15:5-66
	android:name
		ADDED from src\main\AndroidManifest.xml:15:22-63
uses-permission#android.permission.ACCESS_COARSE_LOCATION
ADDED from src\main\AndroidManifest.xml:16:5-81
	android:name
		ADDED from src\main\AndroidManifest.xml:16:22-78
uses-permission#android.permission.ACCESS_FINE_LOCATION
ADDED from src\main\AndroidManifest.xml:17:5-79
	android:name
		ADDED from src\main\AndroidManifest.xml:17:22-76
uses-permission#android.permission.ACCESS_WIFI_STATE
ADDED from src\main\AndroidManifest.xml:18:5-76
	android:name
		ADDED from src\main\AndroidManifest.xml:18:22-73
uses-permission#android.permission.ACCESS_NETWORK_STATE
ADDED from src\main\AndroidManifest.xml:19:5-79
	android:name
		ADDED from src\main\AndroidManifest.xml:19:22-76
uses-permission#android.permission.CHANGE_WIFI_STATE
ADDED from src\main\AndroidManifest.xml:20:5-76
	android:name
		ADDED from src\main\AndroidManifest.xml:20:22-73
uses-permission#android.permission.READ_PHONE_STATE
ADDED from src\main\AndroidManifest.xml:21:5-75
	android:name
		ADDED from src\main\AndroidManifest.xml:21:22-72
uses-permission#android.permission.INTERNET
ADDED from src\main\AndroidManifest.xml:22:5-67
	android:name
		ADDED from src\main\AndroidManifest.xml:22:22-64
uses-permission#android.permission.CALL_PHONE
ADDED from src\main\AndroidManifest.xml:23:5-69
	android:name
		ADDED from src\main\AndroidManifest.xml:23:22-66
uses-permission#android.permission.CAMERA
ADDED from src\main\AndroidManifest.xml:24:5-65
	android:name
		ADDED from src\main\AndroidManifest.xml:24:22-62
uses-permission#android.permission.RECEIVE_BOOT_COMPLETED
ADDED from src\main\AndroidManifest.xml:25:5-81
	android:name
		ADDED from src\main\AndroidManifest.xml:25:22-78
uses-feature#android.hardware.camera
ADDED from src\main\AndroidManifest.xml:27:5-60
	android:name
		ADDED from src\main\AndroidManifest.xml:27:19-57
uses-feature#android.hardware.camera.autofocus
ADDED from src\main\AndroidManifest.xml:28:5-70
	android:name
		ADDED from src\main\AndroidManifest.xml:28:19-67
uses-permission#android.permission.FLASHLIGHT
ADDED from src\main\AndroidManifest.xml:30:5-69
	android:name
		ADDED from src\main\AndroidManifest.xml:30:22-66
uses-permission#android.permission.WAKE_LOCK
ADDED from src\main\AndroidManifest.xml:31:5-68
	android:name
		ADDED from src\main\AndroidManifest.xml:31:22-65
application
ADDED from src\main\AndroidManifest.xml:33:5-710:19
MERGED from [com.android.support:support-compat:28.0.0] AndroidManifest.xml:22:5-94
MERGED from [com.android.support:support-compat:28.0.0] AndroidManifest.xml:22:5-94
MERGED from [com.android.support:versionedparcelable:28.0.0] AndroidManifest.xml:22:5-23:19
MERGED from [com.android.support:versionedparcelable:28.0.0] AndroidManifest.xml:22:5-23:19
	android:appComponentFactory
		ADDED from [com.android.support:support-compat:28.0.0] AndroidManifest.xml:22:18-91
	android:label
		ADDED from src\main\AndroidManifest.xml:35:9-41
	android:persistent
		ADDED from src\main\AndroidManifest.xml:36:9-34
	android:icon
		ADDED from src\main\AndroidManifest.xml:34:9-38
	android:theme
		ADDED from src\main\AndroidManifest.xml:38:9-40
	android:networkSecurityConfig
		ADDED from src\main\AndroidManifest.xml:37:9-69
activity#com.fc.activity.load.LoadingActivity
ADDED from src\main\AndroidManifest.xml:39:9-49:20
	android:screenOrientation
		ADDED from src\main\AndroidManifest.xml:43:13-49
	android:label
		ADDED from src\main\AndroidManifest.xml:42:13-45
	android:icon
		ADDED from src\main\AndroidManifest.xml:41:13-42
	android:name
		ADDED from src\main\AndroidManifest.xml:40:13-64
intent-filter#action:name:android.intent.action.MAIN+category:name:android.intent.category.LAUNCHER
ADDED from src\main\AndroidManifest.xml:44:13-48:29
action#android.intent.action.MAIN
ADDED from src\main\AndroidManifest.xml:45:17-69
	android:name
		ADDED from src\main\AndroidManifest.xml:45:25-66
category#android.intent.category.LAUNCHER
ADDED from src\main\AndroidManifest.xml:47:17-77
	android:name
		ADDED from src\main\AndroidManifest.xml:47:27-74
activity#com.fc.activity.util.DataFilterActivity
ADDED from src\main\AndroidManifest.xml:50:9-52:52
	android:screenOrientation
		ADDED from src\main\AndroidManifest.xml:52:13-49
	android:name
		ADDED from src\main\AndroidManifest.xml:51:13-67
activity#com.fc.activity.util.ImgPz
ADDED from src\main\AndroidManifest.xml:53:9-55:52
	android:screenOrientation
		ADDED from src\main\AndroidManifest.xml:55:13-49
	android:name
		ADDED from src\main\AndroidManifest.xml:54:13-54
activity#com.fc.activity.util.ImgChoose
ADDED from src\main\AndroidManifest.xml:56:9-58:52
	android:screenOrientation
		ADDED from src\main\AndroidManifest.xml:58:13-49
	android:name
		ADDED from src\main\AndroidManifest.xml:57:13-58
activity#com.fc.activity.util.ImagePagerActivity
ADDED from src\main\AndroidManifest.xml:59:9-61:52
	android:screenOrientation
		ADDED from src\main\AndroidManifest.xml:61:13-49
	android:name
		ADDED from src\main\AndroidManifest.xml:60:13-67
activity#com.fc.activity.util.ImgChoosePage
ADDED from src\main\AndroidManifest.xml:62:9-64:52
	android:screenOrientation
		ADDED from src\main\AndroidManifest.xml:64:13-49
	android:name
		ADDED from src\main\AndroidManifest.xml:63:13-62
activity#com.fc.activity.login.LoginActivity
ADDED from src\main\AndroidManifest.xml:65:9-68:52
	android:screenOrientation
		ADDED from src\main\AndroidManifest.xml:68:13-49
	android:launchMode
		ADDED from src\main\AndroidManifest.xml:67:13-44
	android:name
		ADDED from src\main\AndroidManifest.xml:66:13-63
activity#com.fc.activity.esp.MainMenuActivity
ADDED from src\main\AndroidManifest.xml:69:9-72:52
	android:screenOrientation
		ADDED from src\main\AndroidManifest.xml:72:13-49
	android:launchMode
		ADDED from src\main\AndroidManifest.xml:71:13-44
	android:name
		ADDED from src\main\AndroidManifest.xml:70:13-64
activity#com.fc.activity.esp.InformationReceivinglist
ADDED from src\main\AndroidManifest.xml:73:9-76:52
	android:screenOrientation
		ADDED from src\main\AndroidManifest.xml:76:13-49
	android:launchMode
		ADDED from src\main\AndroidManifest.xml:75:13-44
	android:name
		ADDED from src\main\AndroidManifest.xml:74:13-72
activity#com.fc.activity.esp.InformationReceivinglist_Dzqd
ADDED from src\main\AndroidManifest.xml:77:9-80:52
	android:screenOrientation
		ADDED from src\main\AndroidManifest.xml:80:13-49
	android:launchMode
		ADDED from src\main\AndroidManifest.xml:79:13-44
	android:name
		ADDED from src\main\AndroidManifest.xml:78:13-77
activity#com.fc.activity.esp.InformationReceivingActivity
ADDED from src\main\AndroidManifest.xml:81:9-84:52
	android:screenOrientation
		ADDED from src\main\AndroidManifest.xml:84:13-49
	android:launchMode
		ADDED from src\main\AndroidManifest.xml:83:13-44
	android:name
		ADDED from src\main\AndroidManifest.xml:82:13-76
activity#com.fc.activity.esp.InformationReceivingActivity_Dzqd
ADDED from src\main\AndroidManifest.xml:85:9-88:52
	android:screenOrientation
		ADDED from src\main\AndroidManifest.xml:88:13-49
	android:launchMode
		ADDED from src\main\AndroidManifest.xml:87:13-44
	android:name
		ADDED from src\main\AndroidManifest.xml:86:13-81
activity#com.fc.activity.esp.ArrivalConfirmationActivity
ADDED from src\main\AndroidManifest.xml:89:9-92:52
	android:screenOrientation
		ADDED from src\main\AndroidManifest.xml:92:13-49
	android:launchMode
		ADDED from src\main\AndroidManifest.xml:91:13-44
	android:name
		ADDED from src\main\AndroidManifest.xml:90:13-75
activity#com.fc.activity.esp.BaiDuGpsActivity
ADDED from src\main\AndroidManifest.xml:93:9-96:52
	android:screenOrientation
		ADDED from src\main\AndroidManifest.xml:96:13-49
	android:launchMode
		ADDED from src\main\AndroidManifest.xml:95:13-44
	android:name
		ADDED from src\main\AndroidManifest.xml:94:13-64
activity#com.fc.activity.esp.ServiceReportslist
ADDED from src\main\AndroidManifest.xml:97:9-100:52
	android:screenOrientation
		ADDED from src\main\AndroidManifest.xml:100:13-49
	android:launchMode
		ADDED from src\main\AndroidManifest.xml:99:13-44
	android:name
		ADDED from src\main\AndroidManifest.xml:98:13-66
activity#com.fc.activity.esp.ServiceReportsComplete
ADDED from src\main\AndroidManifest.xml:101:9-104:52
	android:screenOrientation
		ADDED from src\main\AndroidManifest.xml:104:13-49
	android:launchMode
		ADDED from src\main\AndroidManifest.xml:103:13-44
	android:name
		ADDED from src\main\AndroidManifest.xml:102:13-70
activity#com.fc.activity.esp.ServiceReportsAppraiseActivity
ADDED from src\main\AndroidManifest.xml:105:9-108:52
	android:screenOrientation
		ADDED from src\main\AndroidManifest.xml:108:13-49
	android:launchMode
		ADDED from src\main\AndroidManifest.xml:107:13-44
	android:name
		ADDED from src\main\AndroidManifest.xml:106:13-78
activity#com.fc.activity.esp.ZZServiceReportslist
ADDED from src\main\AndroidManifest.xml:109:9-112:52
	android:screenOrientation
		ADDED from src\main\AndroidManifest.xml:112:13-49
	android:launchMode
		ADDED from src\main\AndroidManifest.xml:111:13-44
	android:name
		ADDED from src\main\AndroidManifest.xml:110:13-68
activity#com.fc.activity.esp.BusinessAcceptanceSure
ADDED from src\main\AndroidManifest.xml:113:9-116:52
	android:screenOrientation
		ADDED from src\main\AndroidManifest.xml:116:13-49
	android:configChanges
		ADDED from src\main\AndroidManifest.xml:115:13-74
	android:name
		ADDED from src\main\AndroidManifest.xml:114:13-70
activity#com.fc.activity.esp.PGDCaseActivity
ADDED from src\main\AndroidManifest.xml:117:9-120:52
	android:screenOrientation
		ADDED from src\main\AndroidManifest.xml:120:13-49
	android:launchMode
		ADDED from src\main\AndroidManifest.xml:119:13-44
	android:name
		ADDED from src\main\AndroidManifest.xml:118:13-63
activity#com.fc.activity.js.FyqrActivity
ADDED from src\main\AndroidManifest.xml:121:9-124:52
	android:screenOrientation
		ADDED from src\main\AndroidManifest.xml:124:13-49
	android:launchMode
		ADDED from src\main\AndroidManifest.xml:123:13-44
	android:name
		ADDED from src\main\AndroidManifest.xml:122:13-59
activity#com.fc.activity.esp.PGDquerychooseActivity
ADDED from src\main\AndroidManifest.xml:125:9-128:52
	android:screenOrientation
		ADDED from src\main\AndroidManifest.xml:128:13-49
	android:launchMode
		ADDED from src\main\AndroidManifest.xml:127:13-44
	android:name
		ADDED from src\main\AndroidManifest.xml:126:13-70
activity#com.fc.activity.esp.PGDqueryActivity
ADDED from src\main\AndroidManifest.xml:129:9-132:52
	android:screenOrientation
		ADDED from src\main\AndroidManifest.xml:132:13-49
	android:launchMode
		ADDED from src\main\AndroidManifest.xml:131:13-44
	android:name
		ADDED from src\main\AndroidManifest.xml:130:13-64
activity#com.fc.activity.js.FyqrCompleteActivity
ADDED from src\main\AndroidManifest.xml:133:9-136:52
	android:screenOrientation
		ADDED from src\main\AndroidManifest.xml:136:13-49
	android:launchMode
		ADDED from src\main\AndroidManifest.xml:135:13-44
	android:name
		ADDED from src\main\AndroidManifest.xml:134:13-67
activity#com.fc.activity.w.ChangePasswordActivity
ADDED from src\main\AndroidManifest.xml:137:9-140:52
	android:screenOrientation
		ADDED from src\main\AndroidManifest.xml:140:13-49
	android:launchMode
		ADDED from src\main\AndroidManifest.xml:139:13-44
	android:name
		ADDED from src\main\AndroidManifest.xml:138:13-68
activity#com.fc.activity.esp.ChooseXQ
ADDED from src\main\AndroidManifest.xml:141:9-143:52
	android:screenOrientation
		ADDED from src\main\AndroidManifest.xml:143:13-49
	android:name
		ADDED from src\main\AndroidManifest.xml:142:13-56
activity#com.fc.activity.esp.ChooseFBF
ADDED from src\main\AndroidManifest.xml:144:9-146:52
	android:screenOrientation
		ADDED from src\main\AndroidManifest.xml:146:13-49
	android:name
		ADDED from src\main\AndroidManifest.xml:145:13-57
activity#com.fc.activity.esp.ChooseSblx
ADDED from src\main\AndroidManifest.xml:147:9-149:52
	android:screenOrientation
		ADDED from src\main\AndroidManifest.xml:149:13-49
	android:name
		ADDED from src\main\AndroidManifest.xml:148:13-58
activity#com.fc.activity.esp.ChooseSb
ADDED from src\main\AndroidManifest.xml:150:9-152:52
	android:screenOrientation
		ADDED from src\main\AndroidManifest.xml:152:13-49
	android:name
		ADDED from src\main\AndroidManifest.xml:151:13-56
activity#com.fc.activity.esp.ChooseFylx
ADDED from src\main\AndroidManifest.xml:153:9-155:52
	android:screenOrientation
		ADDED from src\main\AndroidManifest.xml:155:13-49
	android:name
		ADDED from src\main\AndroidManifest.xml:154:13-58
activity#com.fc.activity.esp.ChooseKhwd
ADDED from src\main\AndroidManifest.xml:156:9-158:52
	android:screenOrientation
		ADDED from src\main\AndroidManifest.xml:158:13-49
	android:name
		ADDED from src\main\AndroidManifest.xml:157:13-58
activity#com.fc.activity.esp.ChooseSssqx
ADDED from src\main\AndroidManifest.xml:159:9-161:52
	android:screenOrientation
		ADDED from src\main\AndroidManifest.xml:161:13-49
	android:name
		ADDED from src\main\AndroidManifest.xml:160:13-59
activity#com.fc.activity.esp.AddPartsAdd
ADDED from src\main\AndroidManifest.xml:162:9-164:52
	android:screenOrientation
		ADDED from src\main\AndroidManifest.xml:164:13-49
	android:name
		ADDED from src\main\AndroidManifest.xml:163:13-59
activity#com.fc.activity.esp.ChoosePjlx
ADDED from src\main\AndroidManifest.xml:165:9-167:52
	android:screenOrientation
		ADDED from src\main\AndroidManifest.xml:167:13-49
	android:name
		ADDED from src\main\AndroidManifest.xml:166:13-58
activity#com.fc.activity.esp.AddParts
ADDED from src\main\AndroidManifest.xml:168:9-171:52
	android:screenOrientation
		ADDED from src\main\AndroidManifest.xml:171:13-49
	android:configChanges
		ADDED from src\main\AndroidManifest.xml:170:13-63
	android:name
		ADDED from src\main\AndroidManifest.xml:169:13-56
activity#com.fc.activity.js.YingShouKuanList
ADDED from src\main\AndroidManifest.xml:172:9-175:52
	android:screenOrientation
		ADDED from src\main\AndroidManifest.xml:175:13-49
	android:launchMode
		ADDED from src\main\AndroidManifest.xml:174:13-44
	android:name
		ADDED from src\main\AndroidManifest.xml:173:13-63
activity#com.fc.activity.js.LiuShuiZhanglist
ADDED from src\main\AndroidManifest.xml:176:9-179:52
	android:screenOrientation
		ADDED from src\main\AndroidManifest.xml:179:13-49
	android:launchMode
		ADDED from src\main\AndroidManifest.xml:178:13-44
	android:name
		ADDED from src\main\AndroidManifest.xml:177:13-63
activity#com.fc.activity.js.LiuShuiZhangActivity
ADDED from src\main\AndroidManifest.xml:180:9-183:52
	android:screenOrientation
		ADDED from src\main\AndroidManifest.xml:183:13-49
	android:launchMode
		ADDED from src\main\AndroidManifest.xml:182:13-44
	android:name
		ADDED from src\main\AndroidManifest.xml:181:13-67
activity#com.fc.activity.esp.YytReportedActivity
ADDED from src\main\AndroidManifest.xml:184:9-186:52
	android:screenOrientation
		ADDED from src\main\AndroidManifest.xml:186:13-49
	android:name
		ADDED from src\main\AndroidManifest.xml:185:13-67
activity#com.fc.activity.esp.TimeYuyuelist
ADDED from src\main\AndroidManifest.xml:187:9-189:52
	android:screenOrientation
		ADDED from src\main\AndroidManifest.xml:189:13-49
	android:name
		ADDED from src\main\AndroidManifest.xml:188:13-61
activity#com.fc.activity.esp.TimeYuyueActivity
ADDED from src\main\AndroidManifest.xml:190:9-192:52
	android:screenOrientation
		ADDED from src\main\AndroidManifest.xml:192:13-49
	android:name
		ADDED from src\main\AndroidManifest.xml:191:13-65
activity#com.fc.activity.esp.DispatchingInformationReceivingActivity
ADDED from src\main\AndroidManifest.xml:193:9-195:52
	android:screenOrientation
		ADDED from src\main\AndroidManifest.xml:195:13-49
	android:name
		ADDED from src\main\AndroidManifest.xml:194:13-87
activity#com.fc.activity.esp.DispatchingInformationConfirmActivity
ADDED from src\main\AndroidManifest.xml:196:9-198:52
	android:screenOrientation
		ADDED from src\main\AndroidManifest.xml:198:13-49
	android:name
		ADDED from src\main\AndroidManifest.xml:197:13-85
activity#com.fc.activity.esp.ShowGpsActivity
ADDED from src\main\AndroidManifest.xml:200:9-202:52
	android:screenOrientation
		ADDED from src\main\AndroidManifest.xml:202:13-49
	android:name
		ADDED from src\main\AndroidManifest.xml:201:13-63
activity#com.fc.activity.esp.ServiceReportsConfirmActivity
ADDED from src\main\AndroidManifest.xml:204:9-206:52
	android:screenOrientation
		ADDED from src\main\AndroidManifest.xml:206:13-49
	android:name
		ADDED from src\main\AndroidManifest.xml:205:13-77
activity#com.fc.activity.esp.ChooseYYT
ADDED from src\main\AndroidManifest.xml:209:9-211:52
	android:screenOrientation
		ADDED from src\main\AndroidManifest.xml:211:13-49
	android:name
		ADDED from src\main\AndroidManifest.xml:210:13-57
activity#com.fc.activity.esp.ServiceReportsAppraise
ADDED from src\main\AndroidManifest.xml:213:9-215:52
	android:screenOrientation
		ADDED from src\main\AndroidManifest.xml:215:13-49
	android:name
		ADDED from src\main\AndroidManifest.xml:214:13-70
activity#com.fc.activity.esp.SheBeiPDActivity
ADDED from src\main\AndroidManifest.xml:217:9-219:52
	android:screenOrientation
		ADDED from src\main\AndroidManifest.xml:219:13-49
	android:name
		ADDED from src\main\AndroidManifest.xml:218:13-64
activity#com.fc.activity.esp.NotificationOrderActivity
ADDED from src\main\AndroidManifest.xml:220:9-223:52
	android:screenOrientation
		ADDED from src\main\AndroidManifest.xml:223:13-49
	android:configChanges
		ADDED from src\main\AndroidManifest.xml:222:13-63
	android:name
		ADDED from src\main\AndroidManifest.xml:221:13-73
activity#com.fc.activity.esp.NotificationOrderList
ADDED from src\main\AndroidManifest.xml:224:9-227:52
	android:screenOrientation
		ADDED from src\main\AndroidManifest.xml:227:13-49
	android:configChanges
		ADDED from src\main\AndroidManifest.xml:226:13-63
	android:name
		ADDED from src\main\AndroidManifest.xml:225:13-69
activity#com.fc.activity.esp.ChooseAZXQ
ADDED from src\main\AndroidManifest.xml:228:9-231:52
	android:screenOrientation
		ADDED from src\main\AndroidManifest.xml:231:13-49
	android:configChanges
		ADDED from src\main\AndroidManifest.xml:230:13-63
	android:name
		ADDED from src\main\AndroidManifest.xml:229:13-58
activity#com.fc.activity.esp.BusinessQueryList
ADDED from src\main\AndroidManifest.xml:233:9-236:52
	android:screenOrientation
		ADDED from src\main\AndroidManifest.xml:236:13-49
	android:configChanges
		ADDED from src\main\AndroidManifest.xml:235:13-63
	android:name
		ADDED from src\main\AndroidManifest.xml:234:13-65
activity#com.fc.activity.esp.BusinessQueryActivity
ADDED from src\main\AndroidManifest.xml:237:9-240:52
	android:screenOrientation
		ADDED from src\main\AndroidManifest.xml:240:13-49
	android:configChanges
		ADDED from src\main\AndroidManifest.xml:239:13-63
	android:name
		ADDED from src\main\AndroidManifest.xml:238:13-69
activity#com.fc.activity.esp.SingleInActivity
ADDED from src\main\AndroidManifest.xml:241:9-244:52
	android:screenOrientation
		ADDED from src\main\AndroidManifest.xml:244:13-49
	android:configChanges
		ADDED from src\main\AndroidManifest.xml:243:13-63
	android:name
		ADDED from src\main\AndroidManifest.xml:242:13-64
activity#com.fc.activity.register.RegisterActivity
ADDED from src\main\AndroidManifest.xml:245:9-248:52
	android:screenOrientation
		ADDED from src\main\AndroidManifest.xml:248:13-49
	android:configChanges
		ADDED from src\main\AndroidManifest.xml:247:13-63
	android:name
		ADDED from src\main\AndroidManifest.xml:246:13-69
activity#com.fc.activity.register.RegisterConfirmActivity
ADDED from src\main\AndroidManifest.xml:249:9-252:52
	android:screenOrientation
		ADDED from src\main\AndroidManifest.xml:252:13-49
	android:configChanges
		ADDED from src\main\AndroidManifest.xml:251:13-63
	android:name
		ADDED from src\main\AndroidManifest.xml:250:13-76
activity#com.fc.activity.register.RegisterAgreeActivity
ADDED from src\main\AndroidManifest.xml:253:9-256:52
	android:screenOrientation
		ADDED from src\main\AndroidManifest.xml:256:13-49
	android:configChanges
		ADDED from src\main\AndroidManifest.xml:255:13-63
	android:name
		ADDED from src\main\AndroidManifest.xml:254:13-74
activity#com.fc.activity.register.RegisterCompleteActivity
ADDED from src\main\AndroidManifest.xml:257:9-260:52
	android:screenOrientation
		ADDED from src\main\AndroidManifest.xml:260:13-49
	android:configChanges
		ADDED from src\main\AndroidManifest.xml:259:13-63
	android:name
		ADDED from src\main\AndroidManifest.xml:258:13-77
activity#com.fc.activity.esp.RyxxActivity
ADDED from src\main\AndroidManifest.xml:261:9-265:20
	android:screenOrientation
		ADDED from src\main\AndroidManifest.xml:264:13-49
	android:configChanges
		ADDED from src\main\AndroidManifest.xml:263:13-63
	android:name
		ADDED from src\main\AndroidManifest.xml:262:13-60
activity#com.fc.activity.w.QyxxActivity
ADDED from src\main\AndroidManifest.xml:266:9-270:20
	android:screenOrientation
		ADDED from src\main\AndroidManifest.xml:269:13-49
	android:configChanges
		ADDED from src\main\AndroidManifest.xml:268:13-63
	android:name
		ADDED from src\main\AndroidManifest.xml:267:13-58
activity#com.fc.activity.esp.JbxxActivity
ADDED from src\main\AndroidManifest.xml:271:9-275:20
	android:screenOrientation
		ADDED from src\main\AndroidManifest.xml:274:13-49
	android:configChanges
		ADDED from src\main\AndroidManifest.xml:273:13-63
	android:name
		ADDED from src\main\AndroidManifest.xml:272:13-60
activity#com.fc.activity.w.YhkxxActivity
ADDED from src\main\AndroidManifest.xml:276:9-280:20
	android:screenOrientation
		ADDED from src\main\AndroidManifest.xml:279:13-49
	android:configChanges
		ADDED from src\main\AndroidManifest.xml:278:13-63
	android:name
		ADDED from src\main\AndroidManifest.xml:277:13-59
activity#com.fc.activity.w.YHKInfoActivity
ADDED from src\main\AndroidManifest.xml:281:9-286:20
	android:screenOrientation
		ADDED from src\main\AndroidManifest.xml:284:13-49
	android:windowSoftInputMode
		ADDED from src\main\AndroidManifest.xml:285:13-72
	android:configChanges
		ADDED from src\main\AndroidManifest.xml:283:13-63
	android:name
		ADDED from src\main\AndroidManifest.xml:282:13-61
activity#com.fc.activity.w.XxglActivity
ADDED from src\main\AndroidManifest.xml:287:9-291:20
	android:screenOrientation
		ADDED from src\main\AndroidManifest.xml:290:13-49
	android:configChanges
		ADDED from src\main\AndroidManifest.xml:289:13-63
	android:name
		ADDED from src\main\AndroidManifest.xml:288:13-58
activity#com.fc.activity.w.XxglShowActivity
ADDED from src\main\AndroidManifest.xml:292:9-296:20
	android:screenOrientation
		ADDED from src\main\AndroidManifest.xml:295:13-49
	android:configChanges
		ADDED from src\main\AndroidManifest.xml:294:13-63
	android:name
		ADDED from src\main\AndroidManifest.xml:293:13-62
activity#com.fc.activity.esp.InformationReceivingRefuseList
ADDED from src\main\AndroidManifest.xml:297:9-301:20
	android:screenOrientation
		ADDED from src\main\AndroidManifest.xml:300:13-49
	android:configChanges
		ADDED from src\main\AndroidManifest.xml:299:13-63
	android:name
		ADDED from src\main\AndroidManifest.xml:298:13-78
activity#com.fc.activity.esp.InformationReceivingRefuseActivity
ADDED from src\main\AndroidManifest.xml:302:9-306:20
	android:screenOrientation
		ADDED from src\main\AndroidManifest.xml:305:13-49
	android:configChanges
		ADDED from src\main\AndroidManifest.xml:304:13-63
	android:name
		ADDED from src\main\AndroidManifest.xml:303:13-82
activity#com.fc.activity.esp.ChooseActivity
ADDED from src\main\AndroidManifest.xml:308:9-312:20
	android:screenOrientation
		ADDED from src\main\AndroidManifest.xml:311:13-49
	android:configChanges
		ADDED from src\main\AndroidManifest.xml:310:13-63
	android:name
		ADDED from src\main\AndroidManifest.xml:309:13-62
activity#com.fc.activity.kc.HpzhActivity
ADDED from src\main\AndroidManifest.xml:314:9-318:20
	android:screenOrientation
		ADDED from src\main\AndroidManifest.xml:317:13-49
	android:configChanges
		ADDED from src\main\AndroidManifest.xml:316:13-63
	android:name
		ADDED from src\main\AndroidManifest.xml:315:13-59
activity#com.fc.activity.kc.HpzhMxActivity
ADDED from src\main\AndroidManifest.xml:319:9-323:20
	android:screenOrientation
		ADDED from src\main\AndroidManifest.xml:322:13-49
	android:configChanges
		ADDED from src\main\AndroidManifest.xml:321:13-63
	android:name
		ADDED from src\main\AndroidManifest.xml:320:13-61
activity#com.fc.activity.kc.KccxChooseActivity
ADDED from src\main\AndroidManifest.xml:324:9-328:20
	android:screenOrientation
		ADDED from src\main\AndroidManifest.xml:327:13-49
	android:configChanges
		ADDED from src\main\AndroidManifest.xml:326:13-63
	android:name
		ADDED from src\main\AndroidManifest.xml:325:13-65
activity#com.fc.activity.kc.KccxActivity
ADDED from src\main\AndroidManifest.xml:329:8-333:20
	android:screenOrientation
		ADDED from src\main\AndroidManifest.xml:332:13-49
	android:configChanges
		ADDED from src\main\AndroidManifest.xml:331:13-63
	android:name
		ADDED from src\main\AndroidManifest.xml:330:13-59
activity#com.fc.activity.kc.ThcxShowActivity
ADDED from src\main\AndroidManifest.xml:334:9-338:20
	android:screenOrientation
		ADDED from src\main\AndroidManifest.xml:337:13-49
	android:configChanges
		ADDED from src\main\AndroidManifest.xml:336:13-63
	android:name
		ADDED from src\main\AndroidManifest.xml:335:13-63
activity#com.fc.activity.kc.KcpdActivity
ADDED from src\main\AndroidManifest.xml:339:9-343:20
	android:screenOrientation
		ADDED from src\main\AndroidManifest.xml:342:13-49
	android:configChanges
		ADDED from src\main\AndroidManifest.xml:341:13-63
	android:name
		ADDED from src\main\AndroidManifest.xml:340:13-59
activity#com.fc.activity.kc.WbdbrkListActivity
ADDED from src\main\AndroidManifest.xml:344:9-348:20
	android:screenOrientation